<?xml version="1.0" encoding="UTF-8"?>
<!-- Generated by org.testng.reporters.JUnitXMLReporter -->
<testsuite ignored="0" hostname="IDMAC008s-MacBook-Pro.local" failures="0" tests="16" name="Page Rendering" time="2021.63" errors="0" timestamp="19 Feb 2021 07:05:23 GMT">
  <testcase classname="android.ninetynine.pagerendering.C33402_PageRendering_Homepage_NonLogin" name="C33402_PageRendering_Homepage_Non_Login" time="57.198"/>
  <testcase classname="android.ninetynine.pagerendering.C33403_PageRendering_Homepage_UnverLogin" name="C33403_PageRendering_Homepage_Unver_Login" time="62.972"/>
  <testcase classname="android.ninetynine.pagerendering.C33404_PageRendering_Homepage_VerLogin" name="C33404_PageRendering_Homepage_Ver_Login" time="97.513"/>
  <testcase classname="android.ninetynine.pagerendering.C33405_PageRendering_Homepage_AgentLogin" name="C33405_PageRendering_Homepage_Agent_Login" time="104.635"/>
  <testcase classname="android.ninetynine.pagerendering.C33406_PageRendering_User_AgentLogin" name="C33406_PageRendering_User_Agent_Login" time="112.637"/>
  <testcase classname="android.ninetynine.pagerendering.C33407_PageRendering_User_UnverLogin" name="C33407_PageRendering_User_Unver_Login" time="95.819"/>
  <testcase classname="android.ninetynine.pagerendering.C33408_PageRendering_User_VerLogin" name="C33408_PageRendering_User_Ver_Login" time="97.28"/>
  <testcase classname="android.ninetynine.pagerendering.C33409_PageRendering_LDP_MustSee_NonLogin" name="C33409_PageRendering_LDP_MustSee_Non_Login" time="98.532"/>
  <testcase classname="android.ninetynine.pagerendering.C33410_PageRendering_LDP_MustSee_LoginUnver" name="C33410_PageRendering_LDP_MustSee_Login_Unver" time="110.159"/>
  <testcase classname="android.ninetynine.pagerendering.C33411_PageRendering_LDP_MustSee_LoginVer" name="C33411_PageRendering_LDP_MustSee_Login_Ver" time="140.082"/>
  <testcase classname="android.ninetynine.pagerendering.C33413_PageRendering_LDP_Reg_NonLogin" name="C33413_PageRendering_LDP_Reg_Non_Login" time="90.212"/>
  <testcase classname="android.ninetynine.pagerendering.C33414_PageRendering_LDP_Reg_LoginUnver" name="C33414_PageRendering_LDP_Reg_Login_Unver" time="123.207"/>
  <testcase classname="android.ninetynine.pagerendering.C33415_PageRendering_LDP_Reg_LoginVer" name="C33415_PageRendering_LDP_Reg_Login_Ver" time="135.784"/>
  <testcase classname="android.ninetynine.pagerendering.C33417_PageRendering_SRP_NonLogin" name="C33417_PageRendering_SRP_Non_Login" time="96.158"/>
  <testcase classname="android.ninetynine.pagerendering.C33418_PageRendering_SRP_LoginUnver" name="C33418_PageRendering_SRP_Login_Unver" time="122.698"/>
  <testcase classname="android.ninetynine.pagerendering.C33419_PageRendering_SRP_LoginVer" name="C33419_PageRendering_SRP_Login_Ver" time="137.824"/>
</testsuite> <!-- Page Rendering -->
