<?xml version="1.0" encoding="UTF-8"?>
<!-- Generated by org.testng.reporters.JUnitXMLReporter -->
<testsuite hostname="daniamrth" ignored="0" name=" Sticky Bar - Phone" tests="10" failures="1" timestamp="29 Dec 2020 12:40:54 GMT" time="1731.13" errors="0">
  <testcase name="C1346_LDP_NoAcc_MustSee_Phone_Enquiry" time="114.892" classname="android.ninetynine.ldp.enquiry.C1346_LDP_NoAcc_MustSee_PhoneEnquiry"/>
  <testcase name="C1347_LDP_Unver_MustSee_Phone_Enquiry" time="129.652" classname="android.ninetynine.ldp.enquiry.C1347_LDP_Unver_MustSee_PhoneEnquiry"/>
  <testcase name="C1348_LDP_Ver_MustSee_Phone_Enquiry" time="124.211" classname="android.ninetynine.ldp.enquiry.C1348_LDP_Ver_MustSee_PhoneEnquiry"/>
  <testcase name="C1349_Ldp_LoginUnver_MustSee_Phone_Enquiry" time="164.293" classname="android.ninetynine.ldp.enquiry.C1349_Ldp_LoginUnver_MustSee_PhoneEnquiry"/>
  <testcase name="C1350_Ldp_LoginVer_MustSee_Phone_Enquiry" time="167.055" classname="android.ninetynine.ldp.enquiry.C1350_Ldp_LoginVer_MustSee_PhoneEnquiry"/>
  <testcase name="C1351_LDP_NoAcc_Reg_Phone_Enquiry" time="94.621" classname="android.ninetynine.ldp.enquiry.C1351_LDP_NoAcc_Reg_PhoneEnquiry">
    <failure type="java.lang.AssertionError" message="Object not found step failed">
      <![CDATA[java.lang.AssertionError: Object not found step failed
	at android.ninetynine.util.GeneralUtilities.verifyelemen(GeneralUtilities.java:51)
	at android.ninetynine.util.GeneralUtilities.click(GeneralUtilities.java:60)
	at android.ninetynine.pageobjects.SearchResultPage.Click_Srp_Reg_List(SearchResultPage.java:61)
	at android.ninetynine.ldp.enquiry.C1351_LDP_NoAcc_Reg_PhoneEnquiry.C1351_LDP_NoAcc_Reg_Phone_Enquiry(C1351_LDP_NoAcc_Reg_PhoneEnquiry.java:61)
... Removed 26 stack frames]]>
    </failure>
  </testcase> <!-- C1351_LDP_NoAcc_Reg_Phone_Enquiry -->
  <testcase name="C1352_LDP_Unver_Reg_Phone_Enquiry" time="131.584" classname="android.ninetynine.ldp.enquiry.C1352_LDP_Unver_Reg_PhoneEnquiry"/>
  <testcase name="C1353_LDP_Ver_Reg_Phone_Enquiry" time="123.393" classname="android.ninetynine.ldp.enquiry.C1353_LDP_Ver_Reg_PhoneEnquiry"/>
  <testcase name="C1354_Ldp_LoginUnver_Reg_Phone_Enquiry" time="153.631" classname="android.ninetynine.ldp.enquiry.C1354_Ldp_LoginUnver_Reg_PhoneEnquiry"/>
  <testcase name="C1355_Ldp_LoginVer_Reg_Phone_Enquiry" time="169.936" classname="android.ninetynine.ldp.enquiry.C1355_Ldp_LoginVer_Reg_PhoneEnquiry"/>
</testsuite> <!--  Sticky Bar - Phone -->
