<?xml version="1.0" encoding="UTF-8"?>
<!-- Generated by org.testng.reporters.JUnitXMLReporter -->
<testsuite hostname="daniamrth" ignored="0" name="Sticky Bar - Chat" tests="10" failures="1" timestamp="29 Dec 2020 18:45:28 GMT" time="1591.866" errors="0">
  <testcase name="C1336_LDP_NoAcc_MustSee_Chat_Enquiry" time="128.378" classname="android.ninetynine.ldp.enquiry.C1336_LDP_NoAcc_MustSee_ChatEnquiry"/>
  <testcase name="C1337_LDP_Unver_MustSee_Chat_Enquiry" time="121.116" classname="android.ninetynine.ldp.enquiry.C1337_LDP_Unver_MustSee_ChatEnquiry"/>
  <testcase name="C1338_LDP_Ver_MustSee_Chat_Enquiry" time="123.81" classname="android.ninetynine.ldp.enquiry.C1338_LDP_Ver_MustSee_ChatEnquiry"/>
  <testcase name="C1339_LDP_LoginUnver_MustSee_Chat_Enquiry" time="140.419" classname="android.ninetynine.ldp.enquiry.C1339_Ldp_LoginUnver_MustSee_ChatEnquiry"/>
  <testcase name="C1340_LDP_LoginVer_MustSee_Chat_Enquiry" time="158.472" classname="android.ninetynine.ldp.enquiry.C1340_Ldp_LoginVer_MustSee_ChatEnquiry"/>
  <testcase name="C1341_LDP_NoAcc_Reg_Chat_Enquiry" time="132.169" classname="android.ninetynine.ldp.enquiry.C1341_LDP_NoAcc_Reg_ChatEnquiry"/>
  <testcase name="C1342_LDP_Unver_Reg_Chat_Enquiry" time="77.447" classname="android.ninetynine.ldp.enquiry.C1342_LDP_Unver_Reg_ChatEnquiry">
    <failure type="java.lang.AssertionError" message="Object not found step failed">
      <![CDATA[java.lang.AssertionError: Object not found step failed
	at android.ninetynine.util.GeneralUtilities.verifyelemen(GeneralUtilities.java:51)
	at android.ninetynine.util.GeneralUtilities.click(GeneralUtilities.java:60)
	at android.ninetynine.pageobjects.Landing_Page.Click_BtEnquireNow(Landing_Page.java:76)
	at android.ninetynine.ldp.enquiry.C1342_LDP_Unver_Reg_ChatEnquiry.C1342_LDP_Unver_Reg_Chat_Enquiry(C1342_LDP_Unver_Reg_ChatEnquiry.java:120)
... Removed 26 stack frames]]>
    </failure>
  </testcase> <!-- C1342_LDP_Unver_Reg_Chat_Enquiry -->
  <testcase name="C1343_LDP_Ver_Reg_Chat_Enquiry" time="120.937" classname="android.ninetynine.ldp.enquiry.C1343_LDP_Ver_Reg_ChatEnquiry"/>
  <testcase name="C1344_LDP_LoginUnver_Reg_Chat_Enquiry" time="137.723" classname="android.ninetynine.ldp.enquiry.C1344_LDP_LoginUnver_Reg_ChatEnquiry"/>
  <testcase name="C1345_LDP_LoginVer_Reg_Chat_Enquiry" time="158.268" classname="android.ninetynine.ldp.enquiry.C1345_LDP_LoginVer_Reg_ChatEnquiry"/>
</testsuite> <!-- Sticky Bar - Chat -->
