<?xml version="1.0" encoding="UTF-8"?>
<!-- Generated by org.testng.reporters.JUnitXMLReporter -->
<testsuite hostname="L-156182171" ignored="10" name="Test" tests="6" failures="5" timestamp="11 Oct 2019 12:03:30 GMT" time="207.048" errors="0">
  <testcase name="@AfterTest tearDown" time="0.0" classname="com.telkomsel.android.vmp.utilities.BaseTest">
    <failure type="org.openqa.selenium.remote.SessionNotFoundException" message="invalid session id (A session is either terminated or not started (3fc57345-4594-441d-8a31-cff7d49e754d), A session could be terminated due to the end of timeout specified by newCommandTimeout https://docs.experitest.com/display/AS/Timeout+Capabilities)  (WARNING: The server did not provide any stacktrace information)
Command duration or timeout: 22 milliseconds
Build info: version: &amp;apos;2.53.1&amp;apos;, revision: &amp;apos;a36b8b1cd5757287168e54b817830adce9b0158d&amp;apos;, time: &amp;apos;2016-06-30 19:26:09&amp;apos;
System info: host: &amp;apos;L-156182171&amp;apos;, ip: &amp;apos;10.47.214.141&amp;apos;, os.name: &amp;apos;Windows 10&amp;apos;, os.arch: &amp;apos;amd64&amp;apos;, os.version: &amp;apos;10.0&amp;apos;, java.version: &amp;apos;1.8.0_221&amp;apos;
Driver info: io.appium.java_client.android.AndroidDriver
Capabilities [{appPackage=com.maxstream, device.majorVersion=9, dontGoHomeOnQuit=false, device.os=Android, noReset=false, dontStopAppOnReset=false, reservationDuration=240, reportFormat=xml, deviceName=5200fb1fee84c45d, fullReset=false, platform=ANY, deviceUDID=5200fb1fee84c45d, install.only.for.update=false, desired={appPackage=com.maxstream, appActivity=.MainActivity, VERSION=9.0.0, automationName=uiautomator, reportDirectory=C:Usersdw37172tappiumstudio-reportsVMP_(Maxstream)#============CONFIG Manufacture===========, platformName=Android, deviceName=5200fb1fee84c45d}, device.serialNumber=5200fb1fee84c45d, locationServicesAuthorized=false, device.version=9, automationName=uiautomator, reportDirectory=C:Usersdw37172tappiumstudio-reportsVMP_(Maxstream)#============CONFIG Manufacture===========, autoWebview=false, platformName=Android, udid=5200fb1fee84c45d, testName=mobile test 10/11/19 07:00 PM, device.screenSize=1080x2220, useKeystore=false, test.type=Mobile, device.manufacture=samsung, instrumentApp=false, appiumVersion=1.8.0, device.category=PHONE, autoDismissAlerts=false, reportUrl=C:\Users\dw37172t\appiumstudio-reports\test235, newSessionWaitTimeout=300, keystorePath=~/.android/debug.keystore, appActivity=.MainActivity, waitForDeviceTimeout=120000, device.model=SM-A530F, device.name=SM-A530F, VERSION=9.0.0, autoGrantPermissions=false, takeScreenshots=true, projectName=, autoAcceptAlerts=false}]
Session ID: 3fc57345-4594-441d-8a31-cff7d49e754d">
      <![CDATA[org.openqa.selenium.remote.SessionNotFoundException: invalid session id (A session is either terminated or not started (3fc57345-4594-441d-8a31-cff7d49e754d), A session could be terminated due to the end of timeout specified by newCommandTimeout https://docs.experitest.com/display/AS/Timeout+Capabilities)  (WARNING: The server did not provide any stacktrace information)
Command duration or timeout: 22 milliseconds
Build info: version: '2.53.1', revision: 'a36b8b1cd5757287168e54b817830adce9b0158d', time: '2016-06-30 19:26:09'
System info: host: 'L-156182171', ip: '10.47.214.141', os.name: 'Windows 10', os.arch: 'amd64', os.version: '10.0', java.version: '1.8.0_221'
Driver info: io.appium.java_client.android.AndroidDriver
Capabilities [{appPackage=com.maxstream, device.majorVersion=9, dontGoHomeOnQuit=false, device.os=Android, noReset=false, dontStopAppOnReset=false, reservationDuration=240, reportFormat=xml, deviceName=5200fb1fee84c45d, fullReset=false, platform=ANY, deviceUDID=5200fb1fee84c45d, install.only.for.update=false, desired={appPackage=com.maxstream, appActivity=.MainActivity, VERSION=9.0.0, automationName=uiautomator, reportDirectory=C:Usersdw37172tappiumstudio-reportsVMP_(Maxstream)#============CONFIG Manufacture===========, platformName=Android, deviceName=5200fb1fee84c45d}, device.serialNumber=5200fb1fee84c45d, locationServicesAuthorized=false, device.version=9, automationName=uiautomator, reportDirectory=C:Usersdw37172tappiumstudio-reportsVMP_(Maxstream)#============CONFIG Manufacture===========, autoWebview=false, platformName=Android, udid=5200fb1fee84c45d, testName=mobile test 10/11/19 07:00 PM, device.screenSize=1080x2220, useKeystore=false, test.type=Mobile, device.manufacture=samsung, instrumentApp=false, appiumVersion=1.8.0, device.category=PHONE, autoDismissAlerts=false, reportUrl=C:\Users\dw37172t\appiumstudio-reports\test235, newSessionWaitTimeout=300, keystorePath=~/.android/debug.keystore, appActivity=.MainActivity, waitForDeviceTimeout=120000, device.model=SM-A530F, device.name=SM-A530F, VERSION=9.0.0, autoGrantPermissions=false, takeScreenshots=true, projectName=, autoAcceptAlerts=false}]
Session ID: 3fc57345-4594-441d-8a31-cff7d49e754d
	at org.openqa.selenium.remote.ErrorHandler.createThrowable(ErrorHandler.java:206)
	at org.openqa.selenium.remote.ErrorHandler.throwIfResponseFailed(ErrorHandler.java:158)
	at org.openqa.selenium.remote.RemoteWebDriver.execute(RemoteWebDriver.java:678)
	at io.appium.java_client.DefaultGenericMobileDriver.execute(DefaultGenericMobileDriver.java:40)
	at io.appium.java_client.AppiumDriver.execute(AppiumDriver.java:235)
	at org.openqa.selenium.remote.RemoteWebDriver.quit(RemoteWebDriver.java:526)
	at com.telkomsel.android.vmp.utilities.BaseTest.tearDown(BaseTest.java:246)
... Removed 27 stack frames]]>
    </failure>
  </testcase> <!-- @AfterTest tearDown -->
  <testcase name="Test_Regression_Pre_TestCases_TnC" time="81.87" classname="com.telkomsel.android.vmp.test.Group1_Regression_Pre_TestCases_TnC"/>
  <testcase name="Test_Regression_PostLoginBrowseFlow_GenrePreference" time="33.012" classname="com.telkomsel.android.vmp.test.Group2_Regression_PostLoginBrowseFlow_GenrePreference">
    <failure type="java.lang.NullPointerException">
      <![CDATA[java.lang.NullPointerException
	at com.telkomsel.android.vmp.utilities.GeneralUtilities.verifyelemen(GeneralUtilities.java:49)
	at com.telkomsel.android.vmp.utilities.GeneralUtilities.click(GeneralUtilities.java:95)
	at com.telkomsel.android.vmp.pageobjects.HooqPage.clickOKServerBusy(HooqPage.java:74)
	at com.telkomsel.android.vmp.test.Group2_Regression_PostLoginBrowseFlow_GenrePreference.Test_Regression_PostLoginBrowseFlow_GenrePreference(Group2_Regression_PostLoginBrowseFlow_GenrePreference.java:25)
... Removed 25 stack frames]]>
    </failure>
  </testcase> <!-- Test_Regression_PostLoginBrowseFlow_GenrePreference -->
  <testcase name="Test_Regression_Pre_TestCases_Search" time="13.019" classname="com.telkomsel.android.vmp.test.Group1_Regression_Pre_TestCases_Search">
    <failure type="java.lang.NullPointerException">
      <![CDATA[java.lang.NullPointerException
	at com.telkomsel.android.vmp.utilities.GeneralUtilities.verifyelemen(GeneralUtilities.java:49)
	at com.telkomsel.android.vmp.utilities.GeneralUtilities.click(GeneralUtilities.java:95)
	at com.telkomsel.android.vmp.pageobjects.AutosuggestForSearchPage.ClickSearchIcon(AutosuggestForSearchPage.java:35)
	at com.telkomsel.android.vmp.test.Group1_Regression_Pre_TestCases_Search.Test_Regression_Pre_TestCases_Search(Group1_Regression_Pre_TestCases_Search.java:26)
... Removed 25 stack frames]]>
    </failure>
  </testcase> <!-- Test_Regression_Pre_TestCases_Search -->
  <testcase name="Test_Regression_Pre_TestCases_Support" time="13.007" classname="com.telkomsel.android.vmp.test.Group1_Regression_Pre_TestCases_Support">
    <failure type="java.lang.NullPointerException">
      <![CDATA[java.lang.NullPointerException
	at com.telkomsel.android.vmp.utilities.GeneralUtilities.verifyelemen(GeneralUtilities.java:49)
	at com.telkomsel.android.vmp.utilities.GeneralUtilities.click(GeneralUtilities.java:95)
	at com.telkomsel.android.vmp.pageobjects.LandingPage.clickMenuBar(LandingPage.java:70)
	at com.telkomsel.android.vmp.test.Group1_Regression_Pre_TestCases_Support.Test_Regression_Pre_TestCases_Support(Group1_Regression_Pre_TestCases_Support.java:26)
... Removed 25 stack frames]]>
    </failure>
  </testcase> <!-- Test_Regression_Pre_TestCases_Support -->
  <testcase name="Test_Group1_Regression_PreBrowse_Nickelodeon" time="33.023" classname="com.telkomsel.android.vmp.test.Group1_Regression_PreLoginBrowseFlow_Nickelodeon">
    <failure type="java.lang.NullPointerException">
      <![CDATA[java.lang.NullPointerException
	at com.telkomsel.android.vmp.utilities.GeneralUtilities.verifyelemen(GeneralUtilities.java:49)
	at com.telkomsel.android.vmp.utilities.GeneralUtilities.click(GeneralUtilities.java:95)
	at com.telkomsel.android.vmp.pageobjects.LandingPage.clickMenuBar(LandingPage.java:70)
	at com.telkomsel.android.vmp.test.Group1_Regression_PreLoginBrowseFlow_Nickelodeon.Test_Group1_Regression_PreBrowse_Nickelodeon(Group1_Regression_PreLoginBrowseFlow_Nickelodeon.java:23)
... Removed 25 stack frames]]>
    </failure>
  </testcase> <!-- Test_Group1_Regression_PreBrowse_Nickelodeon -->
  <testcase name="test_Group2_Regression_PostLoginBrowseFlow_ContentPlayback" time="23.027" classname="com.telkomsel.android.vmp.test.Group2_Regression_PostLoginBrowseFlow_ContentPlayback">
    <failure type="java.lang.NullPointerException">
      <![CDATA[java.lang.NullPointerException
	at com.telkomsel.android.vmp.utilities.GeneralUtilities.verifyelemen(GeneralUtilities.java:49)
	at com.telkomsel.android.vmp.utilities.GeneralUtilities.click(GeneralUtilities.java:95)
	at com.telkomsel.android.vmp.pageobjects.HooqPage.clickOKServerBusy(HooqPage.java:74)
	at com.telkomsel.android.vmp.test.Group2_Regression_PostLoginBrowseFlow_ContentPlayback.test_Group2_Regression_PostLoginBrowseFlow_ContentPlayback(Group2_Regression_PostLoginBrowseFlow_ContentPlayback.java:31)
... Removed 25 stack frames]]>
    </failure>
  </testcase> <!-- test_Group2_Regression_PostLoginBrowseFlow_ContentPlayback -->
  <testcase name="@AfterTest tearDown" time="0.0" classname="com.telkomsel.android.vmp.utilities.BaseTest">
    <ignored/>
  </testcase> <!-- @AfterTest tearDown -->
  <testcase name="@AfterTest tearDown" time="0.0" classname="com.telkomsel.android.vmp.utilities.BaseTest">
    <ignored/>
  </testcase> <!-- @AfterTest tearDown -->
  <testcase name="@AfterTest tearDown" time="0.0" classname="com.telkomsel.android.vmp.utilities.BaseTest">
    <ignored/>
  </testcase> <!-- @AfterTest tearDown -->
  <testcase name="@AfterTest tearDown" time="0.0" classname="com.telkomsel.android.vmp.utilities.BaseTest">
    <ignored/>
  </testcase> <!-- @AfterTest tearDown -->
  <testcase name="@AfterTest tearDown" time="0.0" classname="com.telkomsel.android.vmp.utilities.BaseTest">
    <ignored/>
  </testcase> <!-- @AfterTest tearDown -->
  <testcase name="@BeforeTest setUp" time="0.0" classname="com.telkomsel.android.vmp.utilities.BaseTest">
    <ignored/>
  </testcase> <!-- @BeforeTest setUp -->
  <testcase name="@BeforeTest setUp" time="0.0" classname="com.telkomsel.android.vmp.utilities.BaseTest">
    <ignored/>
  </testcase> <!-- @BeforeTest setUp -->
  <testcase name="@BeforeTest setUp" time="0.0" classname="com.telkomsel.android.vmp.utilities.BaseTest">
    <ignored/>
  </testcase> <!-- @BeforeTest setUp -->
  <testcase name="@BeforeTest setUp" time="0.0" classname="com.telkomsel.android.vmp.utilities.BaseTest">
    <ignored/>
  </testcase> <!-- @BeforeTest setUp -->
  <testcase name="@BeforeTest setUp" time="0.0" classname="com.telkomsel.android.vmp.utilities.BaseTest">
    <ignored/>
  </testcase> <!-- @BeforeTest setUp -->
</testsuite> <!-- Test -->
