<?xml version="1.0" encoding="UTF-8"?>
<!-- Generated by org.testng.reporters.JUnitXMLReporter -->
<testsuite hostname="daniamrth" ignored="0" name="Test" tests="10" failures="0" timestamp="24 Dec 2020 08:16:50 GMT" time="1747.72" errors="0">
  <testcase name="C1376_LDP_NoAcc_MustSee_Gallery_Enquiry" time="141.258" classname="android.ninetynine.ldp.enquiry.C1376_LDP_NoAcc_MustSee_GalleryEnquiry"/>
  <testcase name="C1377_LDP_Unver_MustSee_Gallery_Enquiry" time="138.042" classname="android.ninetynine.ldp.enquiry.C1377_LDP_Unver_MustSee_GalleryEnquiry"/>
  <testcase name="C1378_LDP_Ver_MustSee_Gallery_Enquiry" time="132.915" classname="android.ninetynine.ldp.enquiry.C1378_LDP_Ver_MustSee_GalleryEnquiry"/>
  <testcase name="C1379_Ldp_LoginUnver_MustSee_Phone_Enquiry" time="169.696" classname="android.ninetynine.ldp.enquiry.C1379_Ldp_LoginUnver_MustSee_GalleryEnquiry"/>
  <testcase name="C1380_Ldp_LoginVer_MustSee_Phone_Enquiry" time="159.282" classname="android.ninetynine.ldp.enquiry.C1380_Ldp_LoginVer_MustSee_GalleryEnquiry"/>
  <testcase name="C1381_LDP_NoAcc_Reg_Gallery_Enquiry" time="135.462" classname="android.ninetynine.ldp.enquiry.C1381_LDP_NoAcc_Reg_GalleryEnquiry"/>
  <testcase name="C1382_LDP_Unver_Reg_Gallery_Enquiry" time="135.294" classname="android.ninetynine.ldp.enquiry.C1382_LDP_Unver_Reg_GalleryEnquiry"/>
  <testcase name="C1383_LDP_Ver_Reg_Gallery_Enquiry" time="136.228" classname="android.ninetynine.ldp.enquiry.C1383_LDP_Ver_Reg_GalleryEnquiry"/>
  <testcase name="C1384_Ldp_LoginUnver_Reg_Gallery_Enquiry" time="170.865" classname="android.ninetynine.ldp.enquiry.C1384_Ldp_LoginUnver_Reg_GalleryEnquiry"/>
  <testcase name="C1385_Ldp_LoginVer_Reg_Gallery_Enquiry" time="157.782" classname="android.ninetynine.ldp.enquiry.C1385_Ldp_LoginVer_Reg_GalleryEnquiry"/>
</testsuite> <!-- Test -->
