<?xml version="1.0" encoding="UTF-8"?>
<!-- Generated by org.testng.reporters.JUnitXMLReporter -->
<testsuite ignored="0" hostname="IDMAC008s-MacBook-Pro.local" failures="0" tests="10" name="LDP Photo Gallery Chat" time="1519.169" errors="0" timestamp="22 Feb 2021 17:02:45 GMT">
  <testcase classname="android.ninetynine.ldp.enquiry.C1376_LDP_NoAcc_MustSee_GalleryEnquiry" name="C1376_LDP_NoAcc_MustSee_Gallery_Enquiry" time="108.164"/>
  <testcase classname="android.ninetynine.ldp.enquiry.C1377_LDP_Unver_MustSee_GalleryEnquiry" name="C1377_LDP_Unver_MustSee_Gallery_Enquiry" time="109.518"/>
  <testcase classname="android.ninetynine.ldp.enquiry.C1378_LDP_Ver_MustSee_GalleryEnquiry" name="C1378_LDP_Ver_MustSee_Gallery_Enquiry" time="111.12"/>
  <testcase classname="android.ninetynine.ldp.enquiry.C1379_Ldp_LoginUnver_MustSee_GalleryEnquiry" name="C1379_Ldp_LoginUnver_MustSee_Phone_Enquiry" time="132.643"/>
  <testcase classname="android.ninetynine.ldp.enquiry.C1380_Ldp_LoginVer_MustSee_GalleryEnquiry" name="C1380_Ldp_LoginVer_MustSee_Phone_Enquiry" time="149.835"/>
  <testcase classname="android.ninetynine.ldp.enquiry.C1381_LDP_NoAcc_Reg_GalleryEnquiry" name="C1381_LDP_NoAcc_Reg_Gallery_Enquiry" time="127.907"/>
  <testcase classname="android.ninetynine.ldp.enquiry.C1382_LDP_Unver_Reg_GalleryEnquiry" name="C1382_LDP_Unver_Reg_Gallery_Enquiry" time="127.536"/>
  <testcase classname="android.ninetynine.ldp.enquiry.C1383_LDP_Ver_Reg_GalleryEnquiry" name="C1383_LDP_Ver_Reg_Gallery_Enquiry" time="128.086"/>
  <testcase classname="android.ninetynine.ldp.enquiry.C1384_Ldp_LoginUnver_Reg_GalleryEnquiry" name="C1384_Ldp_LoginUnver_Reg_Gallery_Enquiry" time="163.319"/>
  <testcase classname="android.ninetynine.ldp.enquiry.C1385_Ldp_LoginVer_Reg_GalleryEnquiry" name="C1385_Ldp_LoginVer_Reg_Gallery_Enquiry" time="153.941"/>
</testsuite> <!-- LDP Photo Gallery Chat -->
