<?xml version="1.0" encoding="UTF-8"?>
<!-- Generated by org.testng.reporters.JUnitXMLReporter -->
<testsuite ignored="0" hostname="IDMAC008s-MacBook-Pro.local" failures="0" tests="10" name="LDP Sticky Bar Chat" time="1517.525" errors="0" timestamp="22 Feb 2021 16:10:49 GMT">
  <testcase classname="android.ninetynine.ldp.enquiry.C1336_LDP_NoAcc_MustSee_ChatEnquiry" name="C1336_LDP_NoAcc_MustSee_Chat_Enquiry" time="116.188"/>
  <testcase classname="android.ninetynine.ldp.enquiry.C1337_LDP_Unver_MustSee_ChatEnquiry" name="C1337_LDP_Unver_MustSee_Chat_Enquiry" time="115.475"/>
  <testcase classname="android.ninetynine.ldp.enquiry.C1338_LDP_Ver_MustSee_ChatEnquiry" name="C1338_LDP_Ver_MustSee_Chat_Enquiry" time="118.513"/>
  <testcase classname="android.ninetynine.ldp.enquiry.C1339_Ldp_LoginUnver_MustSee_ChatEnquiry" name="C1339_LDP_LoginUnver_MustSee_Chat_Enquiry" time="151.044"/>
  <testcase classname="android.ninetynine.ldp.enquiry.C1340_Ldp_LoginVer_MustSee_ChatEnquiry" name="C1340_LDP_LoginVer_MustSee_Chat_Enquiry" time="139.212"/>
  <testcase classname="android.ninetynine.ldp.enquiry.C1341_LDP_NoAcc_Reg_ChatEnquiry" name="C1341_LDP_NoAcc_Reg_Chat_Enquiry" time="121.485"/>
  <testcase classname="android.ninetynine.ldp.enquiry.C1342_LDP_Unver_Reg_ChatEnquiry" name="C1342_LDP_Unver_Reg_Chat_Enquiry" time="122.685"/>
  <testcase classname="android.ninetynine.ldp.enquiry.C1343_LDP_Ver_Reg_ChatEnquiry" name="C1343_LDP_Ver_Reg_Chat_Enquiry" time="136.977"/>
  <testcase classname="android.ninetynine.ldp.enquiry.C1344_LDP_LoginUnver_Reg_ChatEnquiry" name="C1344_LDP_LoginUnver_Reg_Chat_Enquiry" time="158.719"/>
  <testcase classname="android.ninetynine.ldp.enquiry.C1345_LDP_LoginVer_Reg_ChatEnquiry" name="C1345_LDP_LoginVer_Reg_Chat_Enquiry" time="146.469"/>
</testsuite> <!-- LDP Sticky Bar Chat -->
