<?xml version="1.0" encoding="UTF-8"?>
<!-- Generated by org.testng.reporters.JUnitXMLReporter -->
<testsuite hostname="daniamrth" ignored="0" name="Enquiry - Phone" tests="10" failures="0" timestamp="29 Dec 2020 14:25:18 GMT" time="1409.801" errors="0">
  <testcase name="C1045_SRP_Unver_MustSee_Phone_Enquiry" time="98.744" classname="android.ninetynine.srp.enquiry.C1045_SRP_Unver_MustSee_PhoneEnquiry"/>
  <testcase name="C1046_SRP_Ver_MustSee_Phone_Enquiry" time="95.84" classname="android.ninetynine.srp.enquiry.C1046_SRP_Ver_MustSee_PhoneEnquiry"/>
  <testcase name="C1047_SRP_LoginUnver_MustSee_Phone_Enquiry" time="135.875" classname="android.ninetynine.srp.enquiry.C1047_SRP_LoginUnver_MustSee_PhoneEnquiry"/>
  <testcase name="C1048_SRP_LoginVer_MustSee_Chat_Enquiry" time="132.84" classname="android.ninetynine.srp.enquiry.C1048_SRP_LoginVer_MustSee_PhoneEnquiry"/>
  <testcase name="C1130_SRP_NoAcc_Reg_Phone_Enquiry" time="103.418" classname="android.ninetynine.srp.enquiry.C1130_SRP_NoAcc_Reg_PhoneEnquiry"/>
  <testcase name="C1131_SRP_Unver_Reg_Phone_Enquiry" time="104.507" classname="android.ninetynine.srp.enquiry.C1131_SRP_Unver_Reg_PhoneEnquiry"/>
  <testcase name="C1132_SRP_Ver_Reg_Phone_Enquiry" time="105.551" classname="android.ninetynine.srp.enquiry.C1132_SRP_Ver_Reg_PhoneEnquiry"/>
  <testcase name="C1133_SRP_LoginUnver_Reg_Phone_Enquiry" time="139.257" classname="android.ninetynine.srp.enquiry.C1133_SRP_LoginUnver_Reg_PhoneEnquiry"/>
  <testcase name="C1048_SRP_LoginVer_MustSee_Chat_Enquiry" time="140.597" classname="android.ninetynine.srp.enquiry.C1134_SRP_LoginVer_Reg_PhoneEnquiry"/>
  <testcase name="C742_SRP_NoAcc_MustSee_Phone_Enquiry" time="98.792" classname="android.ninetynine.srp.enquiry.C742_SRP_NoAcc_MustSee_PhoneEnquiry"/>
</testsuite> <!-- Enquiry - Phone -->
