<?xml version="1.0" encoding="UTF-8"?>
<!-- Generated by org.testng.reporters.JUnitXMLReporter -->
<testsuite hostname="daniamrth" ignored="0" name="SRP Enquiry - Chat" tests="10" failures="1" timestamp="31 Dec 2020 10:40:14 GMT" time="2185.208" errors="0">
  <testcase name="C1037_SRP_LoginUnver_MustSee_Chat_Enquiry" time="255.113" classname="android.ninetynine.srp.enquiry.C1037_SRP_LoginUnver_MustSee_ChatEnquiry"/>
  <testcase name="C1038_SRP_LoginVer_MustSee_Chat_Enquiry" time="164.193" classname="android.ninetynine.srp.enquiry.C1038_SRP_LoginVer_MustSee_ChatEnquiry"/>
  <testcase name="C1039_SRP_Unver_MustSee_Chat_Enquiry" time="93.071" classname="android.ninetynine.srp.enquiry.C1039_SRP_Unver_MustSee_ChatEnquiry"/>
  <testcase name="C1040_SRP_Ver_MustSee_Chat_Enquiry" time="142.63" classname="android.ninetynine.srp.enquiry.C1040_SRP_Ver_MustSee_ChatEnquiry"/>
  <testcase name="C1135_SRP_NoAcc_Reg_Chat_Enquiry" time="154.104" classname="android.ninetynine.srp.enquiry.C1135_SRP_NoAcc_Reg_ChatEnquiry"/>
  <testcase name="C1136_SRP_Unver_Reg_Chat_Enquiry" time="156.681" classname="android.ninetynine.srp.enquiry.C1136_SRP_Unver_Reg_ChatEnquiry"/>
  <testcase name="C1137_SRP_Ver_Reg_Chat_Enquiry" time="151.389" classname="android.ninetynine.srp.enquiry.C1137_SRP_Ver_Reg_ChatEnquiry"/>
  <testcase name="C1138_SRP_LoginUnver_MustSee_Chat_Enquiry" time="207.289" classname="android.ninetynine.srp.enquiry.C1138_SRP_LoginUnver_Reg_ChatEnquiry"/>
  <testcase name="C1139_SRP_LoginVer_MustSee_Chat_Enquiry" time="244.65" classname="android.ninetynine.srp.enquiry.C1139_SRP_LoginVer_Reg_ChatEnquiry">
    <failure type="java.lang.AssertionError" message="Object not found step failed">
      <![CDATA[java.lang.AssertionError: Object not found step failed
	at android.ninetynine.util.GeneralUtilities.verifyelemen(GeneralUtilities.java:51)
	at android.ninetynine.util.GeneralUtilities.click(GeneralUtilities.java:60)
	at android.ninetynine.pageobjects.Landing_Page.Click_BtCWABtConfirm(Landing_Page.java:86)
	at android.ninetynine.srp.enquiry.C1139_SRP_LoginVer_Reg_ChatEnquiry.C1139_SRP_LoginVer_MustSee_Chat_Enquiry(C1139_SRP_LoginVer_Reg_ChatEnquiry.java:87)
... Removed 26 stack frames]]>
    </failure>
  </testcase> <!-- C1139_SRP_LoginVer_MustSee_Chat_Enquiry -->
  <testcase name="C740_SRP_NoAcc_MustSee_Chat_Enquiry" time="152.517" classname="android.ninetynine.srp.enquiry.C740_SRP_NoAcc_MustSee_ChatEnquiry"/>
</testsuite> <!-- SRP Enquiry - Chat -->
